<?xml version="1.0" encoding="UTF-8" standalone="no"?>
<testsuite failures="0" name="cucumber.runtime.formatter.JUnitFormatter" skipped="0" tests="1" time="12.691508">
<testcase classname="Use of Hooks" name="Verify Hooks" time="12.691508">
<system-out><![CDATA[Given brower is opened......................................................passed
Then URL is launched........................................................passed
Then search for Cheese......................................................passed
Then search for Gmail.......................................................passed
]]></system-out>
</testcase>
</testsuite>
